{"contracts\\CircuitBreaker.sol":{"l":{"81":0,"82":0,"84":0,"85":0,"87":0,"88":0,"89":0,"90":0,"91":0,"92":0,"93":0,"94":0,"96":0,"106":0,"107":0,"109":0,"110":0,"111":0,"112":0,"115":0,"122":0,"123":0,"125":0,"128":0,"130":0,"131":0,"132":0,"140":0,"147":0,"148":0,"149":0,"150":0,"157":0,"158":0,"159":0,"160":0,"161":0,"164":0,"165":0,"167":0,"168":0,"169":0,"170":0,"172":0,"179":0,"180":0,"181":0,"182":0,"192":0,"193":0,"197":0,"198":0,"201":0,"202":0,"205":0,"206":0,"210":0,"211":0,"215":0,"216":0,"220":0,"221":0,"226":0,"230":0,"234":0,"235":0,"239":0,"240":0,"244":0,"245":0,"249":0,"250":0,"265":0,"266":0,"267":0,"268":0,"269":0,"270":0,"271":0,"272":0},"path":"E:\\Work\\neba-token\\contracts\\CircuitBreaker.sol","s":{"1":0,"2":0,"3":0,"4":0,"5":0,"6":0,"7":0,"8":0,"9":0,"10":0,"11":0,"12":0,"13":0,"14":0,"15":0,"16":0,"17":0,"18":0,"19":0,"20":0,"21":0,"22":0,"23":0,"24":0,"25":0,"26":0,"27":0,"28":0,"29":0,"30":0,"31":0,"32":0,"33":0,"34":0,"35":0,"36":0,"37":0,"38":0,"39":0,"40":0,"41":0},"b":{"1":[0,0],"2":[0,0],"3":[0,0],"4":[0,0],"5":[0,0],"6":[0,0],"7":[0,0],"8":[0,0],"9":[0,0],"10":[0,0],"11":[0,0],"12":[0,0],"13":[0,0]},"f":{"1":0,"2":0,"3":0,"4":0,"5":0,"6":0,"7":0,"8":0,"9":0,"10":0,"11":0,"12":0,"13":0,"14":0,"15":0},"fnMap":{"1":{"name":"initialize","line":80,"loc":{"start":{"line":70,"column":4},"end":{"line":97,"column":4}}},"2":{"name":"recordTransfer","line":105,"loc":{"start":{"line":105,"column":4},"end":{"line":116,"column":4}}},"3":{"name":"recordFailedAttempt","line":121,"loc":{"start":{"line":121,"column":4},"end":{"line":134,"column":4}}},"4":{"name":"activateCircuitBreaker","line":139,"loc":{"start":{"line":139,"column":4},"end":{"line":141,"column":4}}},"5":{"name":"deactivateCircuitBreaker","line":146,"loc":{"start":{"line":146,"column":4},"end":{"line":151,"column":4}}},"6":{"name":"autoReset","line":156,"loc":{"start":{"line":156,"column":4},"end":{"line":174,"column":4}}},"7":{"name":"_activateCircuitBreaker","line":178,"loc":{"start":{"line":178,"column":4},"end":{"line":183,"column":4}}},"8":{"name":"checkTransfer","line":191,"loc":{"start":{"line":191,"column":4},"end":{"line":223,"column":4}}},"9":{"name":"isActive","line":225,"loc":{"start":{"line":225,"column":4},"end":{"line":227,"column":4}}},"10":{"name":"getActivationReason","line":229,"loc":{"start":{"line":229,"column":4},"end":{"line":231,"column":4}}},"11":{"name":"getCurrentDailyVolume","line":233,"loc":{"start":{"line":233,"column":4},"end":{"line":236,"column":4}}},"12":{"name":"getCurrentHourlyVolume","line":238,"loc":{"start":{"line":238,"column":4},"end":{"line":241,"column":4}}},"13":{"name":"getCurrentHourlyTransferCount","line":243,"loc":{"start":{"line":243,"column":4},"end":{"line":246,"column":4}}},"14":{"name":"getCurrentDailyTransferCount","line":248,"loc":{"start":{"line":248,"column":4},"end":{"line":251,"column":4}}},"15":{"name":"updateLimits","line":264,"loc":{"start":{"line":255,"column":4},"end":{"line":273,"column":4}}}},"statementMap":{"1":{"start":{"line":81,"column":8},"end":{"line":81,"column":29}},"2":{"start":{"line":82,"column":8},"end":{"line":82,"column":24}},"3":{"start":{"line":84,"column":8},"end":{"line":84,"column":44}},"4":{"start":{"line":85,"column":8},"end":{"line":85,"column":46}},"5":{"start":{"line":106,"column":8},"end":{"line":106,"column":53}},"6":{"start":{"line":107,"column":8},"end":{"line":107,"column":55}},"7":{"start":{"line":122,"column":8},"end":{"line":122,"column":4337}},"8":{"start":{"line":130,"column":8},"end":{"line":130,"column":4607}},"9":{"start":{"line":131,"column":12},"end":{"line":131,"column":62}},"10":{"start":{"line":132,"column":12},"end":{"line":132,"column":78}},"11":{"start":{"line":140,"column":8},"end":{"line":140,"column":38}},"12":{"start":{"line":150,"column":8},"end":{"line":150,"column":55}},"13":{"start":{"line":157,"column":8},"end":{"line":157,"column":5494}},"14":{"start":{"line":164,"column":12},"end":{"line":164,"column":57}},"15":{"start":{"line":165,"column":12},"end":{"line":165,"column":59}},"16":{"start":{"line":172,"column":12},"end":{"line":172,"column":52}},"17":{"start":{"line":182,"column":8},"end":{"line":182,"column":61}},"18":{"start":{"line":192,"column":8},"end":{"line":192,"column":6844}},"19":{"start":{"line":193,"column":12},"end":{"line":193,"column":46}},"20":{"start":{"line":197,"column":8},"end":{"line":197,"column":6994}},"21":{"start":{"line":198,"column":12},"end":{"line":198,"column":66}},"22":{"start":{"line":201,"column":8},"end":{"line":201,"column":53}},"23":{"start":{"line":202,"column":8},"end":{"line":202,"column":55}},"24":{"start":{"line":205,"column":8},"end":{"line":205,"column":7289}},"25":{"start":{"line":206,"column":12},"end":{"line":206,"column":61}},"26":{"start":{"line":210,"column":8},"end":{"line":210,"column":7479}},"27":{"start":{"line":211,"column":12},"end":{"line":211,"column":62}},"28":{"start":{"line":215,"column":8},"end":{"line":215,"column":7680}},"29":{"start":{"line":216,"column":12},"end":{"line":216,"column":56}},"30":{"start":{"line":220,"column":8},"end":{"line":220,"column":7876}},"31":{"start":{"line":221,"column":12},"end":{"line":221,"column":57}},"32":{"start":{"line":226,"column":8},"end":{"line":226,"column":37}},"33":{"start":{"line":230,"column":8},"end":{"line":230,"column":31}},"34":{"start":{"line":234,"column":8},"end":{"line":234,"column":53}},"35":{"start":{"line":235,"column":8},"end":{"line":235,"column":38}},"36":{"start":{"line":239,"column":8},"end":{"line":239,"column":55}},"37":{"start":{"line":240,"column":8},"end":{"line":240,"column":40}},"38":{"start":{"line":244,"column":8},"end":{"line":244,"column":55}},"39":{"start":{"line":245,"column":8},"end":{"line":245,"column":47}},"40":{"start":{"line":249,"column":8},"end":{"line":249,"column":53}},"41":{"start":{"line":250,"column":8},"end":{"line":250,"column":45}}},"branchMap":{"1":{"line":80,"type":"if","locations":[{"start":{"line":80,"column":13},"end":{"line":80,"column":13}},{"start":{"line":80,"column":13},"end":{"line":80,"column":13}}]},"2":{"line":122,"type":"if","locations":[{"start":{"line":122,"column":8},"end":{"line":122,"column":8}},{"start":{"line":122,"column":8},"end":{"line":122,"column":8}}]},"3":{"line":130,"type":"if","locations":[{"start":{"line":130,"column":8},"end":{"line":130,"column":8}},{"start":{"line":130,"column":8},"end":{"line":130,"column":8}}]},"4":{"line":139,"type":"if","locations":[{"start":{"line":139,"column":69},"end":{"line":139,"column":69}},{"start":{"line":139,"column":69},"end":{"line":139,"column":69}}]},"5":{"line":146,"type":"if","locations":[{"start":{"line":146,"column":49},"end":{"line":146,"column":49}},{"start":{"line":146,"column":49},"end":{"line":146,"column":49}}]},"6":{"line":157,"type":"if","locations":[{"start":{"line":157,"column":8},"end":{"line":157,"column":8}},{"start":{"line":157,"column":8},"end":{"line":157,"column":8}}]},"7":{"line":192,"type":"if","locations":[{"start":{"line":192,"column":8},"end":{"line":192,"column":8}},{"start":{"line":192,"column":8},"end":{"line":192,"column":8}}]},"8":{"line":197,"type":"if","locations":[{"start":{"line":197,"column":8},"end":{"line":197,"column":8}},{"start":{"line":197,"column":8},"end":{"line":197,"column":8}}]},"9":{"line":205,"type":"if","locations":[{"start":{"line":205,"column":8},"end":{"line":205,"column":8}},{"start":{"line":205,"column":8},"end":{"line":205,"column":8}}]},"10":{"line":210,"type":"if","locations":[{"start":{"line":210,"column":8},"end":{"line":210,"column":8}},{"start":{"line":210,"column":8},"end":{"line":210,"column":8}}]},"11":{"line":215,"type":"if","locations":[{"start":{"line":215,"column":8},"end":{"line":215,"column":8}},{"start":{"line":215,"column":8},"end":{"line":215,"column":8}}]},"12":{"line":220,"type":"if","locations":[{"start":{"line":220,"column":8},"end":{"line":220,"column":8}},{"start":{"line":220,"column":8},"end":{"line":220,"column":8}}]},"13":{"line":264,"type":"if","locations":[{"start":{"line":264,"column":15},"end":{"line":264,"column":15}},{"start":{"line":264,"column":15},"end":{"line":264,"column":15}}]}}},"contracts\\interfaces\\ICircuitBreaker.sol":{"l":{},"path":"E:\\Work\\neba-token\\contracts\\interfaces\\ICircuitBreaker.sol","s":{},"b":{},"f":{},"fnMap":{},"statementMap":{},"branchMap":{}},"contracts\\interfaces\\ITransferHook.sol":{"l":{},"path":"E:\\Work\\neba-token\\contracts\\interfaces\\ITransferHook.sol","s":{},"b":{},"f":{},"fnMap":{},"statementMap":{},"branchMap":{}},"contracts\\NEBA.sol":{"l":{"175":26,"176":18,"180":0,"181":0,"183":0,"187":5,"189":0,"191":0,"192":0,"196":5,"200":5,"201":4,"205":4,"206":4,"213":1,"229":30,"231":30,"232":30,"233":30,"234":30,"236":30,"237":30,"239":30,"240":30,"241":30,"244":30,"245":30,"246":30,"247":30,"248":30,"249":30,"250":30,"251":30,"252":30,"257":30,"259":30,"280":4,"281":0,"285":4,"286":0,"289":4,"291":4,"292":0,"295":4,"314":0,"315":0,"319":0,"320":0,"323":0,"325":0,"326":0,"329":0,"345":5,"346":5,"347":5,"348":4,"351":4,"353":3,"355":2,"358":2,"367":0,"368":0,"369":0,"370":0,"380":3,"381":3,"391":3,"392":3,"399":1,"400":1,"407":5,"408":5,"409":5,"421":0,"422":0,"423":0,"433":3,"434":3,"435":3,"442":1,"443":1,"444":1,"451":0,"452":0,"453":0,"454":0,"467":0,"468":0,"469":0,"478":0,"479":0,"486":0,"487":0,"488":0,"489":0,"492":0,"493":0,"508":8,"509":8,"511":8,"518":8,"519":8,"532":3,"533":1,"535":2,"543":3,"552":5,"563":5,"571":4,"572":4,"576":4,"577":4,"586":1,"591":1,"592":1,"601":4,"602":4,"611":0,"620":1,"621":1,"630":4,"631":4,"653":34,"662":0},"path":"E:\\Work\\neba-token\\contracts\\NEBA.sol","s":{"1":19,"2":0,"3":5,"4":0,"5":0,"6":5,"7":4,"8":1,"9":30,"10":30,"11":30,"12":30,"13":30,"14":30,"15":30,"16":30,"17":30,"18":30,"19":30,"20":30,"21":30,"22":30,"23":30,"24":30,"25":30,"26":30,"27":4,"28":0,"29":4,"30":0,"31":4,"32":4,"33":0,"34":4,"35":0,"36":0,"37":0,"38":0,"39":0,"40":0,"41":0,"42":0,"43":5,"44":0,"45":5,"46":0,"47":5,"48":1,"49":4,"50":0,"51":4,"52":3,"53":1,"54":2,"55":1,"56":2,"57":0,"58":0,"59":0,"60":3,"61":3,"62":1,"63":5,"64":5,"65":0,"66":0,"67":3,"68":1,"69":0,"70":0,"71":0,"72":0,"73":0,"74":0,"75":0,"76":0,"77":0,"78":8,"79":8,"80":3,"81":2,"82":3,"83":5,"84":5,"85":4,"86":4,"87":2,"88":1,"89":4,"90":4,"91":1,"92":1,"93":1,"94":4,"95":4,"96":0,"97":1,"98":1,"99":4,"100":4,"101":34,"102":0},"b":{"1":[2,11],"2":[0,0],"3":[0,5],"4":[0,0],"5":[0,0],"6":[0,0],"7":[1,4],"8":[0,4],"9":[30,0],"10":[0,30],"11":[0,0],"12":[7,1],"13":[6,1],"14":[5,1],"15":[5,0],"16":[4,1],"17":[4,0],"18":[4,0],"19":[0,4],"20":[0,4],"21":[0,4],"22":[0,0],"23":[0,0],"24":[0,0],"25":[0,0],"26":[0,0],"27":[0,0],"28":[0,0],"29":[0,0],"30":[0,0],"31":[0,0],"32":[0,5],"33":[0,5],"34":[1,4],"35":[0,1],"36":[0,4],"37":[3,1],"38":[1,2],"39":[1,0],"40":[1,1],"41":[1,0],"42":[0,0],"43":[0,0],"44":[3,0],"45":[3,1],"46":[1,0],"47":[5,0],"48":[5,0],"49":[0,0],"50":[3,0],"51":[1,0],"52":[0,0],"53":[0,0],"54":[0,0],"55":[0,0],"56":[0,0],"57":[0,0],"58":[0,0],"59":[8,1],"60":[1,2],"61":[5,0],"62":[4,1],"63":[2,1],"64":[1,1],"65":[2,2],"66":[1,1],"67":[1,0],"68":[1,0],"69":[1,0],"70":[1,0],"71":[4,1],"72":[0,4],"73":[0,0],"74":[1,0],"75":[0,1],"76":[4,0],"77":[0,4],"78":[0,0]},"f":{"1":45,"2":0,"3":5,"4":5,"5":4,"6":1,"7":30,"8":4,"9":0,"10":5,"11":0,"12":3,"13":3,"14":1,"15":5,"16":0,"17":3,"18":1,"19":0,"20":0,"21":0,"22":0,"23":8,"24":3,"25":3,"26":5,"27":5,"28":1,"29":4,"30":0,"31":1,"32":4,"33":0,"34":34,"35":0},"fnMap":{"1":{"name":"notBlocked","line":174,"loc":{"start":{"line":174,"column":4},"end":{"line":177,"column":4}}},"2":{"name":"onlyWhitelisted","line":179,"loc":{"start":{"line":179,"column":4},"end":{"line":184,"column":4}}},"3":{"name":"whitelistTransferAllowed","line":186,"loc":{"start":{"line":186,"column":4},"end":{"line":197,"column":4}}},"4":{"name":"whenCircuitBreakerNotActive","line":199,"loc":{"start":{"line":199,"column":4},"end":{"line":202,"column":4}}},"5":{"name":"whenTradingEnabled","line":204,"loc":{"start":{"line":204,"column":4},"end":{"line":207,"column":4}}},"6":{"name":"constructor","line":212,"loc":{"start":{"line":212,"column":4},"end":{"line":214,"column":4}}},"7":{"name":"initialize","line":228,"loc":{"start":{"line":223,"column":4},"end":{"line":260,"column":4}}},"8":{"name":"transfer","line":276,"loc":{"start":{"line":267,"column":4},"end":{"line":296,"column":4}}},"9":{"name":"transferFrom","line":310,"loc":{"start":{"line":301,"column":4},"end":{"line":330,"column":4}}},"10":{"name":"isTransferAllowed","line":339,"loc":{"start":{"line":339,"column":4},"end":{"line":359,"column":4}}},"11":{"name":"updateTreasury","line":366,"loc":{"start":{"line":366,"column":4},"end":{"line":371,"column":4}}},"12":{"name":"updateBlocklist","line":378,"loc":{"start":{"line":376,"column":4},"end":{"line":382,"column":4}}},"13":{"name":"updateWhitelist","line":389,"loc":{"start":{"line":387,"column":4},"end":{"line":393,"column":4}}},"14":{"name":"toggleTransferRestrictions","line":398,"loc":{"start":{"line":398,"column":4},"end":{"line":401,"column":4}}},"15":{"name":"enableTrading","line":406,"loc":{"start":{"line":406,"column":4},"end":{"line":410,"column":4}}},"16":{"name":"updateCircuitBreaker","line":419,"loc":{"start":{"line":417,"column":4},"end":{"line":424,"column":4}}},"17":{"name":"triggerCircuitBreaker","line":431,"loc":{"start":{"line":429,"column":4},"end":{"line":436,"column":4}}},"18":{"name":"resetCircuitBreaker","line":441,"loc":{"start":{"line":441,"column":4},"end":{"line":445,"column":4}}},"19":{"name":"autoResetCircuitBreaker","line":450,"loc":{"start":{"line":450,"column":4},"end":{"line":456,"column":4}}},"20":{"name":"updateTransferHook","line":465,"loc":{"start":{"line":463,"column":4},"end":{"line":470,"column":4}}},"21":{"name":"createCommit","line":477,"loc":{"start":{"line":477,"column":4},"end":{"line":480,"column":4}}},"22":{"name":"revealCommit","line":485,"loc":{"start":{"line":485,"column":4},"end":{"line":494,"column":4}}},"23":{"name":"createSnapshot","line":505,"loc":{"start":{"line":503,"column":4},"end":{"line":520,"column":4}}},"24":{"name":"getSnapshot","line":527,"loc":{"start":{"line":527,"column":4},"end":{"line":536,"column":4}}},"25":{"name":"getLatestSnapshotId","line":542,"loc":{"start":{"line":542,"column":4},"end":{"line":544,"column":4}}},"26":{"name":"snapshotExists","line":551,"loc":{"start":{"line":551,"column":4},"end":{"line":553,"column":4}}},"27":{"name":"pause","line":561,"loc":{"start":{"line":561,"column":4},"end":{"line":578,"column":4}}},"28":{"name":"unpause","line":584,"loc":{"start":{"line":584,"column":4},"end":{"line":593,"column":4}}},"29":{"name":"grantBotPauserRole","line":600,"loc":{"start":{"line":600,"column":4},"end":{"line":603,"column":4}}},"30":{"name":"revokeBotPauserRole","line":610,"loc":{"start":{"line":610,"column":4},"end":{"line":612,"column":4}}},"31":{"name":"grantGovernanceUnpauserRole","line":619,"loc":{"start":{"line":619,"column":4},"end":{"line":622,"column":4}}},"32":{"name":"grantEmergencyGuardianRole","line":629,"loc":{"start":{"line":629,"column":4},"end":{"line":632,"column":4}}},"33":{"name":"_authorizeUpgrade","line":642,"loc":{"start":{"line":639,"column":4},"end":{"line":645,"column":4}}},"34":{"name":"_update","line":649,"loc":{"start":{"line":649,"column":4},"end":{"line":654,"column":4}}},"35":{"name":"nonces","line":656,"loc":{"start":{"line":656,"column":4},"end":{"line":663,"column":4}}}},"statementMap":{"1":{"start":{"line":175,"column":8},"end":{"line":175,"column":55}},"2":{"start":{"line":180,"column":8},"end":{"line":180,"column":6906}},"3":{"start":{"line":187,"column":8},"end":{"line":187,"column":7137}},"4":{"start":{"line":189,"column":12},"end":{"line":189,"column":7242}},"5":{"start":{"line":191,"column":16},"end":{"line":191,"column":7387}},"6":{"start":{"line":200,"column":8},"end":{"line":200,"column":66}},"7":{"start":{"line":205,"column":8},"end":{"line":205,"column":81}},"8":{"start":{"line":213,"column":8},"end":{"line":213,"column":29}},"9":{"start":{"line":229,"column":8},"end":{"line":229,"column":84}},"10":{"start":{"line":231,"column":8},"end":{"line":231,"column":45}},"11":{"start":{"line":232,"column":8},"end":{"line":232,"column":29}},"12":{"start":{"line":233,"column":8},"end":{"line":233,"column":29}},"13":{"start":{"line":234,"column":8},"end":{"line":234,"column":37}},"14":{"start":{"line":236,"column":8},"end":{"line":236,"column":31}},"15":{"start":{"line":237,"column":8},"end":{"line":237,"column":31}},"16":{"start":{"line":244,"column":8},"end":{"line":244,"column":45}},"17":{"start":{"line":245,"column":8},"end":{"line":245,"column":40}},"18":{"start":{"line":246,"column":8},"end":{"line":246,"column":44}},"19":{"start":{"line":247,"column":8},"end":{"line":247,"column":49}},"20":{"start":{"line":248,"column":8},"end":{"line":248,"column":49}},"21":{"start":{"line":249,"column":8},"end":{"line":249,"column":47}},"22":{"start":{"line":250,"column":8},"end":{"line":250,"column":40}},"23":{"start":{"line":251,"column":8},"end":{"line":251,"column":45}},"24":{"start":{"line":252,"column":8},"end":{"line":252,"column":39}},"25":{"start":{"line":257,"column":8},"end":{"line":257,"column":34}},"26":{"start":{"line":259,"column":8},"end":{"line":259,"column":51}},"27":{"start":{"line":280,"column":8},"end":{"line":280,"column":10364}},"28":{"start":{"line":281,"column":12},"end":{"line":281,"column":63}},"29":{"start":{"line":285,"column":8},"end":{"line":285,"column":10544}},"30":{"start":{"line":286,"column":12},"end":{"line":286,"column":62}},"31":{"start":{"line":289,"column":8},"end":{"line":289,"column":49}},"32":{"start":{"line":291,"column":8},"end":{"line":291,"column":10745}},"33":{"start":{"line":292,"column":12},"end":{"line":292,"column":61}},"34":{"start":{"line":295,"column":8},"end":{"line":295,"column":22}},"35":{"start":{"line":314,"column":8},"end":{"line":314,"column":11393}},"36":{"start":{"line":315,"column":12},"end":{"line":315,"column":57}},"37":{"start":{"line":319,"column":8},"end":{"line":319,"column":11567}},"38":{"start":{"line":320,"column":12},"end":{"line":320,"column":56}},"39":{"start":{"line":323,"column":8},"end":{"line":323,"column":59}},"40":{"start":{"line":325,"column":8},"end":{"line":325,"column":11772}},"41":{"start":{"line":326,"column":12},"end":{"line":326,"column":55}},"42":{"start":{"line":329,"column":8},"end":{"line":329,"column":22}},"43":{"start":{"line":345,"column":8},"end":{"line":345,"column":79}},"44":{"start":{"line":345,"column":67},"end":{"line":345,"column":79}},"45":{"start":{"line":346,"column":8},"end":{"line":346,"column":34}},"46":{"start":{"line":346,"column":22},"end":{"line":346,"column":34}},"47":{"start":{"line":347,"column":8},"end":{"line":347,"column":58}},"48":{"start":{"line":347,"column":46},"end":{"line":347,"column":58}},"49":{"start":{"line":348,"column":8},"end":{"line":348,"column":49}},"50":{"start":{"line":348,"column":37},"end":{"line":348,"column":49}},"51":{"start":{"line":351,"column":8},"end":{"line":351,"column":12754}},"52":{"start":{"line":353,"column":12},"end":{"line":353,"column":63}},"53":{"start":{"line":353,"column":52},"end":{"line":353,"column":63}},"54":{"start":{"line":355,"column":12},"end":{"line":355,"column":64}},"55":{"start":{"line":355,"column":52},"end":{"line":355,"column":64}},"56":{"start":{"line":358,"column":8},"end":{"line":358,"column":19}},"57":{"start":{"line":367,"column":8},"end":{"line":367,"column":60}},"58":{"start":{"line":368,"column":8},"end":{"line":368,"column":38}},"59":{"start":{"line":370,"column":8},"end":{"line":370,"column":52}},"60":{"start":{"line":381,"column":8},"end":{"line":381,"column":47}},"61":{"start":{"line":392,"column":8},"end":{"line":392,"column":51}},"62":{"start":{"line":400,"column":8},"end":{"line":400,"column":69}},"63":{"start":{"line":407,"column":8},"end":{"line":407,"column":58}},"64":{"start":{"line":409,"column":8},"end":{"line":409,"column":44}},"65":{"start":{"line":421,"column":8},"end":{"line":421,"column":52}},"66":{"start":{"line":423,"column":8},"end":{"line":423,"column":63}},"67":{"start":{"line":435,"column":8},"end":{"line":435,"column":56}},"68":{"start":{"line":444,"column":8},"end":{"line":444,"column":34}},"69":{"start":{"line":451,"column":8},"end":{"line":451,"column":15907}},"70":{"start":{"line":454,"column":12},"end":{"line":454,"column":38}},"71":{"start":{"line":467,"column":8},"end":{"line":467,"column":47}},"72":{"start":{"line":469,"column":8},"end":{"line":469,"column":56}},"73":{"start":{"line":479,"column":8},"end":{"line":479,"column":63}},"74":{"start":{"line":486,"column":8},"end":{"line":486,"column":57}},"75":{"start":{"line":487,"column":8},"end":{"line":487,"column":90}},"76":{"start":{"line":488,"column":8},"end":{"line":488,"column":17235}},"77":{"start":{"line":493,"column":8},"end":{"line":493,"column":60}},"78":{"start":{"line":518,"column":8},"end":{"line":518,"column":72}},"79":{"start":{"line":519,"column":8},"end":{"line":519,"column":25}},"80":{"start":{"line":532,"column":8},"end":{"line":532,"column":18556}},"81":{"start":{"line":535,"column":8},"end":{"line":535,"column":36}},"82":{"start":{"line":543,"column":8},"end":{"line":543,"column":32}},"83":{"start":{"line":552,"column":8},"end":{"line":552,"column":44}},"84":{"start":{"line":563,"column":8},"end":{"line":563,"column":19521}},"85":{"start":{"line":571,"column":8},"end":{"line":571,"column":43}},"86":{"start":{"line":572,"column":8},"end":{"line":572,"column":19958}},"87":{"start":{"line":573,"column":13},"end":{"line":573,"column":20037}},"88":{"start":{"line":574,"column":13},"end":{"line":574,"column":95}},"89":{"start":{"line":576,"column":8},"end":{"line":576,"column":15}},"90":{"start":{"line":577,"column":8},"end":{"line":577,"column":50}},"91":{"start":{"line":586,"column":8},"end":{"line":586,"column":20443}},"92":{"start":{"line":591,"column":8},"end":{"line":591,"column":17}},"93":{"start":{"line":592,"column":8},"end":{"line":592,"column":41}},"94":{"start":{"line":601,"column":8},"end":{"line":601,"column":61}},"95":{"start":{"line":602,"column":8},"end":{"line":602,"column":46}},"96":{"start":{"line":611,"column":8},"end":{"line":611,"column":47}},"97":{"start":{"line":620,"column":8},"end":{"line":620,"column":68}},"98":{"start":{"line":621,"column":8},"end":{"line":621,"column":62}},"99":{"start":{"line":630,"column":8},"end":{"line":630,"column":66}},"100":{"start":{"line":631,"column":8},"end":{"line":631,"column":59}},"101":{"start":{"line":653,"column":8},"end":{"line":653,"column":37}},"102":{"start":{"line":662,"column":8},"end":{"line":662,"column":34}}},"branchMap":{"1":{"line":175,"type":"if","locations":[{"start":{"line":175,"column":8},"end":{"line":175,"column":8}},{"start":{"line":175,"column":8},"end":{"line":175,"column":8}}]},"2":{"line":180,"type":"if","locations":[{"start":{"line":180,"column":8},"end":{"line":180,"column":8}},{"start":{"line":180,"column":8},"end":{"line":180,"column":8}}]},"3":{"line":187,"type":"if","locations":[{"start":{"line":187,"column":8},"end":{"line":187,"column":8}},{"start":{"line":187,"column":8},"end":{"line":187,"column":8}}]},"4":{"line":189,"type":"if","locations":[{"start":{"line":189,"column":12},"end":{"line":189,"column":12}},{"start":{"line":189,"column":12},"end":{"line":189,"column":12}}]},"5":{"line":191,"type":"if","locations":[{"start":{"line":191,"column":16},"end":{"line":191,"column":16}},{"start":{"line":191,"column":16},"end":{"line":191,"column":16}}]},"6":{"line":191,"type":"cond-expr","locations":[{"start":{"line":191,"column":20},"end":{"line":191,"column":35}},{"start":{"line":191,"column":40},"end":{"line":191,"column":53}}]},"7":{"line":200,"type":"if","locations":[{"start":{"line":200,"column":8},"end":{"line":200,"column":8}},{"start":{"line":200,"column":8},"end":{"line":200,"column":8}}]},"8":{"line":205,"type":"if","locations":[{"start":{"line":205,"column":8},"end":{"line":205,"column":8}},{"start":{"line":205,"column":8},"end":{"line":205,"column":8}}]},"9":{"line":228,"type":"if","locations":[{"start":{"line":228,"column":13},"end":{"line":228,"column":13}},{"start":{"line":228,"column":13},"end":{"line":228,"column":13}}]},"10":{"line":229,"type":"if","locations":[{"start":{"line":229,"column":8},"end":{"line":229,"column":8}},{"start":{"line":229,"column":8},"end":{"line":229,"column":8}}]},"11":{"line":229,"type":"cond-expr","locations":[{"start":{"line":229,"column":12},"end":{"line":229,"column":34}},{"start":{"line":229,"column":39},"end":{"line":229,"column":58}}]},"12":{"line":270,"type":"if","locations":[{"start":{"line":270,"column":8},"end":{"line":270,"column":8}},{"start":{"line":270,"column":8},"end":{"line":270,"column":8}}]},"13":{"line":271,"type":"if","locations":[{"start":{"line":271,"column":8},"end":{"line":271,"column":8}},{"start":{"line":271,"column":8},"end":{"line":271,"column":8}}]},"14":{"line":272,"type":"if","locations":[{"start":{"line":272,"column":8},"end":{"line":272,"column":8}},{"start":{"line":272,"column":8},"end":{"line":272,"column":8}}]},"15":{"line":273,"type":"if","locations":[{"start":{"line":273,"column":8},"end":{"line":273,"column":8}},{"start":{"line":273,"column":8},"end":{"line":273,"column":8}}]},"16":{"line":274,"type":"if","locations":[{"start":{"line":274,"column":8},"end":{"line":274,"column":8}},{"start":{"line":274,"column":8},"end":{"line":274,"column":8}}]},"17":{"line":275,"type":"if","locations":[{"start":{"line":275,"column":8},"end":{"line":275,"column":8}},{"start":{"line":275,"column":8},"end":{"line":275,"column":8}}]},"18":{"line":276,"type":"if","locations":[{"start":{"line":276,"column":8},"end":{"line":276,"column":8}},{"start":{"line":276,"column":8},"end":{"line":276,"column":8}}]},"19":{"line":280,"type":"if","locations":[{"start":{"line":280,"column":8},"end":{"line":280,"column":8}},{"start":{"line":280,"column":8},"end":{"line":280,"column":8}}]},"20":{"line":285,"type":"if","locations":[{"start":{"line":285,"column":8},"end":{"line":285,"column":8}},{"start":{"line":285,"column":8},"end":{"line":285,"column":8}}]},"21":{"line":291,"type":"if","locations":[{"start":{"line":291,"column":8},"end":{"line":291,"column":8}},{"start":{"line":291,"column":8},"end":{"line":291,"column":8}}]},"22":{"line":304,"type":"if","locations":[{"start":{"line":304,"column":8},"end":{"line":304,"column":8}},{"start":{"line":304,"column":8},"end":{"line":304,"column":8}}]},"23":{"line":305,"type":"if","locations":[{"start":{"line":305,"column":8},"end":{"line":305,"column":8}},{"start":{"line":305,"column":8},"end":{"line":305,"column":8}}]},"24":{"line":306,"type":"if","locations":[{"start":{"line":306,"column":8},"end":{"line":306,"column":8}},{"start":{"line":306,"column":8},"end":{"line":306,"column":8}}]},"25":{"line":307,"type":"if","locations":[{"start":{"line":307,"column":8},"end":{"line":307,"column":8}},{"start":{"line":307,"column":8},"end":{"line":307,"column":8}}]},"26":{"line":308,"type":"if","locations":[{"start":{"line":308,"column":8},"end":{"line":308,"column":8}},{"start":{"line":308,"column":8},"end":{"line":308,"column":8}}]},"27":{"line":309,"type":"if","locations":[{"start":{"line":309,"column":8},"end":{"line":309,"column":8}},{"start":{"line":309,"column":8},"end":{"line":309,"column":8}}]},"28":{"line":310,"type":"if","locations":[{"start":{"line":310,"column":8},"end":{"line":310,"column":8}},{"start":{"line":310,"column":8},"end":{"line":310,"column":8}}]},"29":{"line":314,"type":"if","locations":[{"start":{"line":314,"column":8},"end":{"line":314,"column":8}},{"start":{"line":314,"column":8},"end":{"line":314,"column":8}}]},"30":{"line":319,"type":"if","locations":[{"start":{"line":319,"column":8},"end":{"line":319,"column":8}},{"start":{"line":319,"column":8},"end":{"line":319,"column":8}}]},"31":{"line":325,"type":"if","locations":[{"start":{"line":325,"column":8},"end":{"line":325,"column":8}},{"start":{"line":325,"column":8},"end":{"line":325,"column":8}}]},"32":{"line":345,"type":"if","locations":[{"start":{"line":345,"column":8},"end":{"line":345,"column":8}},{"start":{"line":345,"column":8},"end":{"line":345,"column":8}}]},"33":{"line":346,"type":"if","locations":[{"start":{"line":346,"column":8},"end":{"line":346,"column":8}},{"start":{"line":346,"column":8},"end":{"line":346,"column":8}}]},"34":{"line":347,"type":"if","locations":[{"start":{"line":347,"column":8},"end":{"line":347,"column":8}},{"start":{"line":347,"column":8},"end":{"line":347,"column":8}}]},"35":{"line":347,"type":"cond-expr","locations":[{"start":{"line":347,"column":12},"end":{"line":347,"column":26}},{"start":{"line":347,"column":31},"end":{"line":347,"column":43}}]},"36":{"line":348,"type":"if","locations":[{"start":{"line":348,"column":8},"end":{"line":348,"column":8}},{"start":{"line":348,"column":8},"end":{"line":348,"column":8}}]},"37":{"line":351,"type":"if","locations":[{"start":{"line":351,"column":8},"end":{"line":351,"column":8}},{"start":{"line":351,"column":8},"end":{"line":351,"column":8}}]},"38":{"line":353,"type":"if","locations":[{"start":{"line":353,"column":12},"end":{"line":353,"column":12}},{"start":{"line":353,"column":12},"end":{"line":353,"column":12}}]},"39":{"line":353,"type":"cond-expr","locations":[{"start":{"line":353,"column":16},"end":{"line":353,"column":31}},{"start":{"line":353,"column":36},"end":{"line":353,"column":49}}]},"40":{"line":355,"type":"if","locations":[{"start":{"line":355,"column":12},"end":{"line":355,"column":12}},{"start":{"line":355,"column":12},"end":{"line":355,"column":12}}]},"41":{"line":355,"type":"cond-expr","locations":[{"start":{"line":355,"column":16},"end":{"line":355,"column":31}},{"start":{"line":355,"column":36},"end":{"line":355,"column":49}}]},"42":{"line":366,"type":"if","locations":[{"start":{"line":366,"column":56},"end":{"line":366,"column":56}},{"start":{"line":366,"column":56},"end":{"line":366,"column":56}}]},"43":{"line":367,"type":"if","locations":[{"start":{"line":367,"column":8},"end":{"line":367,"column":8}},{"start":{"line":367,"column":8},"end":{"line":367,"column":8}}]},"44":{"line":378,"type":"if","locations":[{"start":{"line":378,"column":8},"end":{"line":378,"column":8}},{"start":{"line":378,"column":8},"end":{"line":378,"column":8}}]},"45":{"line":389,"type":"if","locations":[{"start":{"line":389,"column":8},"end":{"line":389,"column":8}},{"start":{"line":389,"column":8},"end":{"line":389,"column":8}}]},"46":{"line":398,"type":"if","locations":[{"start":{"line":398,"column":51},"end":{"line":398,"column":51}},{"start":{"line":398,"column":51},"end":{"line":398,"column":51}}]},"47":{"line":406,"type":"if","locations":[{"start":{"line":406,"column":38},"end":{"line":406,"column":38}},{"start":{"line":406,"column":38},"end":{"line":406,"column":38}}]},"48":{"line":407,"type":"if","locations":[{"start":{"line":407,"column":8},"end":{"line":407,"column":8}},{"start":{"line":407,"column":8},"end":{"line":407,"column":8}}]},"49":{"line":419,"type":"if","locations":[{"start":{"line":419,"column":8},"end":{"line":419,"column":8}},{"start":{"line":419,"column":8},"end":{"line":419,"column":8}}]},"50":{"line":431,"type":"if","locations":[{"start":{"line":431,"column":8},"end":{"line":431,"column":8}},{"start":{"line":431,"column":8},"end":{"line":431,"column":8}}]},"51":{"line":441,"type":"if","locations":[{"start":{"line":441,"column":44},"end":{"line":441,"column":44}},{"start":{"line":441,"column":44},"end":{"line":441,"column":44}}]},"52":{"line":451,"type":"if","locations":[{"start":{"line":451,"column":8},"end":{"line":451,"column":8}},{"start":{"line":451,"column":8},"end":{"line":451,"column":8}}]},"53":{"line":465,"type":"if","locations":[{"start":{"line":465,"column":8},"end":{"line":465,"column":8}},{"start":{"line":465,"column":8},"end":{"line":465,"column":8}}]},"54":{"line":477,"type":"if","locations":[{"start":{"line":477,"column":51},"end":{"line":477,"column":51}},{"start":{"line":477,"column":51},"end":{"line":477,"column":51}}]},"55":{"line":485,"type":"if","locations":[{"start":{"line":485,"column":67},"end":{"line":485,"column":67}},{"start":{"line":485,"column":67},"end":{"line":485,"column":67}}]},"56":{"line":486,"type":"if","locations":[{"start":{"line":486,"column":8},"end":{"line":486,"column":8}},{"start":{"line":486,"column":8},"end":{"line":486,"column":8}}]},"57":{"line":487,"type":"if","locations":[{"start":{"line":487,"column":8},"end":{"line":487,"column":8}},{"start":{"line":487,"column":8},"end":{"line":487,"column":8}}]},"58":{"line":488,"type":"if","locations":[{"start":{"line":488,"column":8},"end":{"line":488,"column":8}},{"start":{"line":488,"column":8},"end":{"line":488,"column":8}}]},"59":{"line":505,"type":"if","locations":[{"start":{"line":505,"column":8},"end":{"line":505,"column":8}},{"start":{"line":505,"column":8},"end":{"line":505,"column":8}}]},"60":{"line":532,"type":"if","locations":[{"start":{"line":532,"column":8},"end":{"line":532,"column":8}},{"start":{"line":532,"column":8},"end":{"line":532,"column":8}}]},"61":{"line":561,"type":"if","locations":[{"start":{"line":561,"column":28},"end":{"line":561,"column":28}},{"start":{"line":561,"column":28},"end":{"line":561,"column":28}}]},"62":{"line":563,"type":"if","locations":[{"start":{"line":563,"column":8},"end":{"line":563,"column":8}},{"start":{"line":563,"column":8},"end":{"line":563,"column":8}}]},"63":{"line":564,"type":"cond-expr","locations":[{"start":{"line":564,"column":12},"end":{"line":564,"column":49}},{"start":{"line":565,"column":12},"end":{"line":565,"column":47}}]},"64":{"line":564,"type":"cond-expr","locations":[{"start":{"line":564,"column":12},"end":{"line":565,"column":47}},{"start":{"line":566,"column":12},"end":{"line":566,"column":55}}]},"65":{"line":572,"type":"if","locations":[{"start":{"line":572,"column":8},"end":{"line":572,"column":8}},{"start":{"line":572,"column":8},"end":{"line":572,"column":8}}]},"66":{"line":573,"type":"if","locations":[{"start":{"line":573,"column":13},"end":{"line":573,"column":13}},{"start":{"line":573,"column":13},"end":{"line":573,"column":13}}]},"67":{"line":574,"type":"if","locations":[{"start":{"line":574,"column":13},"end":{"line":574,"column":13}},{"start":{"line":574,"column":13},"end":{"line":574,"column":13}}]},"68":{"line":584,"type":"if","locations":[{"start":{"line":584,"column":30},"end":{"line":584,"column":30}},{"start":{"line":584,"column":30},"end":{"line":584,"column":30}}]},"69":{"line":586,"type":"if","locations":[{"start":{"line":586,"column":8},"end":{"line":586,"column":8}},{"start":{"line":586,"column":8},"end":{"line":586,"column":8}}]},"70":{"line":587,"type":"cond-expr","locations":[{"start":{"line":587,"column":12},"end":{"line":587,"column":49}},{"start":{"line":588,"column":12},"end":{"line":588,"column":56}}]},"71":{"line":600,"type":"if","locations":[{"start":{"line":600,"column":61},"end":{"line":600,"column":61}},{"start":{"line":600,"column":61},"end":{"line":600,"column":61}}]},"72":{"line":601,"type":"if","locations":[{"start":{"line":601,"column":8},"end":{"line":601,"column":8}},{"start":{"line":601,"column":8},"end":{"line":601,"column":8}}]},"73":{"line":610,"type":"if","locations":[{"start":{"line":610,"column":62},"end":{"line":610,"column":62}},{"start":{"line":610,"column":62},"end":{"line":610,"column":62}}]},"74":{"line":619,"type":"if","locations":[{"start":{"line":619,"column":77},"end":{"line":619,"column":77}},{"start":{"line":619,"column":77},"end":{"line":619,"column":77}}]},"75":{"line":620,"type":"if","locations":[{"start":{"line":620,"column":8},"end":{"line":620,"column":8}},{"start":{"line":620,"column":8},"end":{"line":620,"column":8}}]},"76":{"line":629,"type":"if","locations":[{"start":{"line":629,"column":74},"end":{"line":629,"column":74}},{"start":{"line":629,"column":74},"end":{"line":629,"column":74}}]},"77":{"line":630,"type":"if","locations":[{"start":{"line":630,"column":8},"end":{"line":630,"column":8}},{"start":{"line":630,"column":8},"end":{"line":630,"column":8}}]},"78":{"line":642,"type":"if","locations":[{"start":{"line":642,"column":8},"end":{"line":642,"column":8}},{"start":{"line":642,"column":8},"end":{"line":642,"column":8}}]}}},"contracts\\TransferHook.sol":{"l":{"56":0,"58":0,"59":0,"61":0,"62":0,"63":0,"72":0,"75":0,"76":0,"80":0,"81":0,"84":0,"85":0,"89":0,"96":0,"99":0,"100":0,"101":0,"102":0,"103":0,"104":0,"106":0,"109":0,"130":0,"131":0,"141":0,"142":0,"144":0,"146":0,"156":0,"157":0,"167":0,"168":0,"169":0,"179":0,"187":0,"191":0,"195":0},"path":"E:\\Work\\neba-token\\contracts\\TransferHook.sol","s":{"1":0,"2":0,"3":0,"4":0,"5":0,"6":0,"7":0,"8":0,"9":0,"10":0,"11":0,"12":0,"13":0,"14":0,"15":0,"16":0,"17":0,"18":0,"19":0,"20":0,"21":0,"22":0},"b":{"1":[0,0],"2":[0,0],"3":[0,0],"4":[0,0],"5":[0,0],"6":[0,0],"7":[0,0],"8":[0,0],"9":[0,0],"10":[0,0],"11":[0,0],"12":[0,0]},"f":{"1":0,"2":0,"3":0,"4":0,"5":0,"6":0,"7":0,"8":0,"9":0,"10":0,"11":0,"12":0,"13":0},"fnMap":{"1":{"name":"initialize","line":55,"loc":{"start":{"line":51,"column":4},"end":{"line":64,"column":4}}},"2":{"name":"beforeTransfer","line":71,"loc":{"start":{"line":71,"column":4},"end":{"line":90,"column":4}}},"3":{"name":"afterTransfer","line":95,"loc":{"start":{"line":95,"column":4},"end":{"line":110,"column":4}}},"4":{"name":"_performComplianceChecks","line":114,"loc":{"start":{"line":114,"column":4},"end":{"line":117,"column":4}}},"5":{"name":"_performPostTransferActions","line":119,"loc":{"start":{"line":119,"column":4},"end":{"line":122,"column":4}}},"6":{"name":"toggleHooks","line":129,"loc":{"start":{"line":129,"column":4},"end":{"line":132,"column":4}}},"7":{"name":"updateWhitelist","line":139,"loc":{"start":{"line":137,"column":4},"end":{"line":147,"column":4}}},"8":{"name":"updateBlacklist","line":154,"loc":{"start":{"line":152,"column":4},"end":{"line":158,"column":4}}},"9":{"name":"updateLimits","line":165,"loc":{"start":{"line":163,"column":4},"end":{"line":170,"column":4}}},"10":{"name":"getTransferStats","line":174,"loc":{"start":{"line":174,"column":4},"end":{"line":184,"column":4}}},"11":{"name":"isWhitelistedSender","line":186,"loc":{"start":{"line":186,"column":4},"end":{"line":188,"column":4}}},"12":{"name":"isWhitelistedReceiver","line":190,"loc":{"start":{"line":190,"column":4},"end":{"line":192,"column":4}}},"13":{"name":"isBlacklisted","line":194,"loc":{"start":{"line":194,"column":4},"end":{"line":196,"column":4}}}},"statementMap":{"1":{"start":{"line":56,"column":8},"end":{"line":56,"column":29}},"2":{"start":{"line":58,"column":8},"end":{"line":58,"column":44}},"3":{"start":{"line":59,"column":8},"end":{"line":59,"column":43}},"4":{"start":{"line":72,"column":8},"end":{"line":72,"column":33}},"5":{"start":{"line":72,"column":27},"end":{"line":72,"column":33}},"6":{"start":{"line":75,"column":8},"end":{"line":75,"column":2643}},"7":{"start":{"line":80,"column":8},"end":{"line":80,"column":2818}},"8":{"start":{"line":84,"column":8},"end":{"line":84,"column":2932}},"9":{"start":{"line":89,"column":8},"end":{"line":89,"column":49}},"10":{"start":{"line":96,"column":8},"end":{"line":96,"column":33}},"11":{"start":{"line":96,"column":27},"end":{"line":96,"column":33}},"12":{"start":{"line":106,"column":8},"end":{"line":106,"column":64}},"13":{"start":{"line":109,"column":8},"end":{"line":109,"column":52}},"14":{"start":{"line":131,"column":8},"end":{"line":131,"column":39}},"15":{"start":{"line":141,"column":8},"end":{"line":141,"column":4847}},"16":{"start":{"line":146,"column":8},"end":{"line":146,"column":61}},"17":{"start":{"line":157,"column":8},"end":{"line":157,"column":51}},"18":{"start":{"line":169,"column":8},"end":{"line":169,"column":66}},"19":{"start":{"line":179,"column":8},"end":{"line":179,"column":5997}},"20":{"start":{"line":187,"column":8},"end":{"line":187,"column":42}},"21":{"start":{"line":191,"column":8},"end":{"line":191,"column":44}},"22":{"start":{"line":195,"column":8},"end":{"line":195,"column":44}}},"branchMap":{"1":{"line":55,"type":"if","locations":[{"start":{"line":55,"column":13},"end":{"line":55,"column":13}},{"start":{"line":55,"column":13},"end":{"line":55,"column":13}}]},"2":{"line":72,"type":"if","locations":[{"start":{"line":72,"column":8},"end":{"line":72,"column":8}},{"start":{"line":72,"column":8},"end":{"line":72,"column":8}}]},"3":{"line":75,"type":"if","locations":[{"start":{"line":75,"column":8},"end":{"line":75,"column":8}},{"start":{"line":75,"column":8},"end":{"line":75,"column":8}}]},"4":{"line":75,"type":"cond-expr","locations":[{"start":{"line":75,"column":12},"end":{"line":75,"column":37}},{"start":{"line":75,"column":42},"end":{"line":75,"column":65}}]},"5":{"line":80,"type":"if","locations":[{"start":{"line":80,"column":8},"end":{"line":80,"column":8}},{"start":{"line":80,"column":8},"end":{"line":80,"column":8}}]},"6":{"line":84,"type":"if","locations":[{"start":{"line":84,"column":8},"end":{"line":84,"column":8}},{"start":{"line":84,"column":8},"end":{"line":84,"column":8}}]},"7":{"line":96,"type":"if","locations":[{"start":{"line":96,"column":8},"end":{"line":96,"column":8}},{"start":{"line":96,"column":8},"end":{"line":96,"column":8}}]},"8":{"line":129,"type":"if","locations":[{"start":{"line":129,"column":36},"end":{"line":129,"column":36}},{"start":{"line":129,"column":36},"end":{"line":129,"column":36}}]},"9":{"line":139,"type":"if","locations":[{"start":{"line":139,"column":8},"end":{"line":139,"column":8}},{"start":{"line":139,"column":8},"end":{"line":139,"column":8}}]},"10":{"line":141,"type":"if","locations":[{"start":{"line":141,"column":8},"end":{"line":141,"column":8}},{"start":{"line":141,"column":8},"end":{"line":141,"column":8}}]},"11":{"line":154,"type":"if","locations":[{"start":{"line":154,"column":8},"end":{"line":154,"column":8}},{"start":{"line":154,"column":8},"end":{"line":154,"column":8}}]},"12":{"line":165,"type":"if","locations":[{"start":{"line":165,"column":8},"end":{"line":165,"column":8}},{"start":{"line":165,"column":8},"end":{"line":165,"column":8}}]}}}}