TN:
SF:E:\Work\neba-token\contracts\CircuitBreaker.sol
FN:80,initialize
FN:105,recordTransfer
FN:121,recordFailedAttempt
FN:139,activateCircuitBreaker
FN:146,deactivateCircuitBreaker
FN:156,autoReset
FN:178,_activateCircuitBreaker
FN:191,checkTransfer
FN:225,isActive
FN:229,getActivationReason
FN:233,getCurrentDailyVolume
FN:238,getCurrentHourlyVolume
FN:243,getCurrentHourlyTransferCount
FN:248,getCurrentDailyTransferCount
FN:264,updateLimits
FNF:15
FNH:0
FNDA:0,initialize
FNDA:0,recordTransfer
FNDA:0,recordFailedAttempt
FNDA:0,activateCircuitBreaker
FNDA:0,deactivateCircuitBreaker
FNDA:0,autoReset
FNDA:0,_activateCircuitBreaker
FNDA:0,checkTransfer
FNDA:0,isActive
FNDA:0,getActivationReason
FNDA:0,getCurrentDailyVolume
FNDA:0,getCurrentHourlyVolume
FNDA:0,getCurrentHourlyTransferCount
FNDA:0,getCurrentDailyTransferCount
FNDA:0,updateLimits
DA:81,0
DA:82,0
DA:84,0
DA:85,0
DA:87,0
DA:88,0
DA:89,0
DA:90,0
DA:91,0
DA:92,0
DA:93,0
DA:94,0
DA:96,0
DA:106,0
DA:107,0
DA:109,0
DA:110,0
DA:111,0
DA:112,0
DA:115,0
DA:122,0
DA:123,0
DA:125,0
DA:128,0
DA:130,0
DA:131,0
DA:132,0
DA:140,0
DA:147,0
DA:148,0
DA:149,0
DA:150,0
DA:157,0
DA:158,0
DA:159,0
DA:160,0
DA:161,0
DA:164,0
DA:165,0
DA:167,0
DA:168,0
DA:169,0
DA:170,0
DA:172,0
DA:179,0
DA:180,0
DA:181,0
DA:182,0
DA:192,0
DA:193,0
DA:197,0
DA:198,0
DA:201,0
DA:202,0
DA:205,0
DA:206,0
DA:210,0
DA:211,0
DA:215,0
DA:216,0
DA:220,0
DA:221,0
DA:226,0
DA:230,0
DA:234,0
DA:235,0
DA:239,0
DA:240,0
DA:244,0
DA:245,0
DA:249,0
DA:250,0
DA:265,0
DA:266,0
DA:267,0
DA:268,0
DA:269,0
DA:270,0
DA:271,0
DA:272,0
LF:80
LH:0
BRDA:80,1,0,0
BRDA:80,1,1,0
BRDA:122,2,0,0
BRDA:122,2,1,0
BRDA:130,3,0,0
BRDA:130,3,1,0
BRDA:139,4,0,0
BRDA:139,4,1,0
BRDA:146,5,0,0
BRDA:146,5,1,0
BRDA:157,6,0,0
BRDA:157,6,1,0
BRDA:192,7,0,0
BRDA:192,7,1,0
BRDA:197,8,0,0
BRDA:197,8,1,0
BRDA:205,9,0,0
BRDA:205,9,1,0
BRDA:210,10,0,0
BRDA:210,10,1,0
BRDA:215,11,0,0
BRDA:215,11,1,0
BRDA:220,12,0,0
BRDA:220,12,1,0
BRDA:264,13,0,0
BRDA:264,13,1,0
BRF:26
BRH:0
end_of_record
TN:
SF:E:\Work\neba-token\contracts\interfaces\ICircuitBreaker.sol
FNF:0
FNH:0
LF:0
LH:0
BRF:0
BRH:0
end_of_record
TN:
SF:E:\Work\neba-token\contracts\interfaces\ITransferHook.sol
FNF:0
FNH:0
LF:0
LH:0
BRF:0
BRH:0
end_of_record
TN:
SF:E:\Work\neba-token\contracts\NEBA.sol
FN:174,notBlocked
FN:179,onlyWhitelisted
FN:186,whitelistTransferAllowed
FN:199,whenCircuitBreakerNotActive
FN:204,whenTradingEnabled
FN:212,constructor
FN:228,initialize
FN:276,transfer
FN:310,transferFrom
FN:339,isTransferAllowed
FN:366,updateTreasury
FN:378,updateBlocklist
FN:389,updateWhitelist
FN:398,toggleTransferRestrictions
FN:406,enableTrading
FN:419,updateCircuitBreaker
FN:431,triggerCircuitBreaker
FN:441,resetCircuitBreaker
FN:450,autoResetCircuitBreaker
FN:465,updateTransferHook
FN:477,createCommit
FN:485,revealCommit
FN:505,createSnapshot
FN:527,getSnapshot
FN:542,getLatestSnapshotId
FN:551,snapshotExists
FN:561,pause
FN:584,unpause
FN:600,grantBotPauserRole
FN:610,revokeBotPauserRole
FN:619,grantGovernanceUnpauserRole
FN:629,grantEmergencyGuardianRole
FN:642,_authorizeUpgrade
FN:649,_update
FN:656,nonces
FNF:35
FNH:24
FNDA:45,notBlocked
FNDA:0,onlyWhitelisted
FNDA:5,whitelistTransferAllowed
FNDA:5,whenCircuitBreakerNotActive
FNDA:4,whenTradingEnabled
FNDA:1,constructor
FNDA:30,initialize
FNDA:4,transfer
FNDA:0,transferFrom
FNDA:5,isTransferAllowed
FNDA:0,updateTreasury
FNDA:3,updateBlocklist
FNDA:3,updateWhitelist
FNDA:1,toggleTransferRestrictions
FNDA:5,enableTrading
FNDA:0,updateCircuitBreaker
FNDA:3,triggerCircuitBreaker
FNDA:1,resetCircuitBreaker
FNDA:0,autoResetCircuitBreaker
FNDA:0,updateTransferHook
FNDA:0,createCommit
FNDA:0,revealCommit
FNDA:8,createSnapshot
FNDA:3,getSnapshot
FNDA:3,getLatestSnapshotId
FNDA:5,snapshotExists
FNDA:5,pause
FNDA:1,unpause
FNDA:4,grantBotPauserRole
FNDA:0,revokeBotPauserRole
FNDA:1,grantGovernanceUnpauserRole
FNDA:4,grantEmergencyGuardianRole
FNDA:0,_authorizeUpgrade
FNDA:34,_update
FNDA:0,nonces
DA:175,26
DA:176,18
DA:180,0
DA:181,0
DA:183,0
DA:187,5
DA:189,0
DA:191,0
DA:192,0
DA:196,5
DA:200,5
DA:201,4
DA:205,4
DA:206,4
DA:213,1
DA:229,30
DA:231,30
DA:232,30
DA:233,30
DA:234,30
DA:236,30
DA:237,30
DA:239,30
DA:240,30
DA:241,30
DA:244,30
DA:245,30
DA:246,30
DA:247,30
DA:248,30
DA:249,30
DA:250,30
DA:251,30
DA:252,30
DA:257,30
DA:259,30
DA:280,4
DA:281,0
DA:285,4
DA:286,0
DA:289,4
DA:291,4
DA:292,0
DA:295,4
DA:314,0
DA:315,0
DA:319,0
DA:320,0
DA:323,0
DA:325,0
DA:326,0
DA:329,0
DA:345,5
DA:346,5
DA:347,5
DA:348,4
DA:351,4
DA:353,3
DA:355,2
DA:358,2
DA:367,0
DA:368,0
DA:369,0
DA:370,0
DA:380,3
DA:381,3
DA:391,3
DA:392,3
DA:399,1
DA:400,1
DA:407,5
DA:408,5
DA:409,5
DA:421,0
DA:422,0
DA:423,0
DA:433,3
DA:434,3
DA:435,3
DA:442,1
DA:443,1
DA:444,1
DA:451,0
DA:452,0
DA:453,0
DA:454,0
DA:467,0
DA:468,0
DA:469,0
DA:478,0
DA:479,0
DA:486,0
DA:487,0
DA:488,0
DA:489,0
DA:492,0
DA:493,0
DA:508,8
DA:509,8
DA:511,8
DA:518,8
DA:519,8
DA:532,3
DA:533,1
DA:535,2
DA:543,3
DA:552,5
DA:563,5
DA:571,4
DA:572,4
DA:576,4
DA:577,4
DA:586,1
DA:591,1
DA:592,1
DA:601,4
DA:602,4
DA:611,0
DA:620,1
DA:621,1
DA:630,4
DA:631,4
DA:653,34
DA:662,0
LF:124
LH:83
BRDA:175,1,0,2
BRDA:175,1,1,11
BRDA:180,2,0,0
BRDA:180,2,1,0
BRDA:187,3,0,0
BRDA:187,3,1,5
BRDA:189,4,0,0
BRDA:189,4,1,0
BRDA:191,5,0,0
BRDA:191,5,1,0
BRDA:191,6,0,0
BRDA:191,6,1,0
BRDA:200,7,0,1
BRDA:200,7,1,4
BRDA:205,8,0,0
BRDA:205,8,1,4
BRDA:228,9,0,30
BRDA:228,9,1,0
BRDA:229,10,0,0
BRDA:229,10,1,30
BRDA:229,11,0,0
BRDA:229,11,1,0
BRDA:270,12,0,7
BRDA:270,12,1,1
BRDA:271,13,0,6
BRDA:271,13,1,1
BRDA:272,14,0,5
BRDA:272,14,1,1
BRDA:273,15,0,5
BRDA:273,15,1,0
BRDA:274,16,0,4
BRDA:274,16,1,1
BRDA:275,17,0,4
BRDA:275,17,1,0
BRDA:276,18,0,4
BRDA:276,18,1,0
BRDA:280,19,0,0
BRDA:280,19,1,4
BRDA:285,20,0,0
BRDA:285,20,1,4
BRDA:291,21,0,0
BRDA:291,21,1,4
BRDA:304,22,0,0
BRDA:304,22,1,0
BRDA:305,23,0,0
BRDA:305,23,1,0
BRDA:306,24,0,0
BRDA:306,24,1,0
BRDA:307,25,0,0
BRDA:307,25,1,0
BRDA:308,26,0,0
BRDA:308,26,1,0
BRDA:309,27,0,0
BRDA:309,27,1,0
BRDA:310,28,0,0
BRDA:310,28,1,0
BRDA:314,29,0,0
BRDA:314,29,1,0
BRDA:319,30,0,0
BRDA:319,30,1,0
BRDA:325,31,0,0
BRDA:325,31,1,0
BRDA:345,32,0,0
BRDA:345,32,1,5
BRDA:346,33,0,0
BRDA:346,33,1,5
BRDA:347,34,0,1
BRDA:347,34,1,4
BRDA:347,35,0,0
BRDA:347,35,1,1
BRDA:348,36,0,0
BRDA:348,36,1,4
BRDA:351,37,0,3
BRDA:351,37,1,1
BRDA:353,38,0,1
BRDA:353,38,1,2
BRDA:353,39,0,1
BRDA:353,39,1,0
BRDA:355,40,0,1
BRDA:355,40,1,1
BRDA:355,41,0,1
BRDA:355,41,1,0
BRDA:366,42,0,0
BRDA:366,42,1,0
BRDA:367,43,0,0
BRDA:367,43,1,0
BRDA:378,44,0,3
BRDA:378,44,1,0
BRDA:389,45,0,3
BRDA:389,45,1,1
BRDA:398,46,0,1
BRDA:398,46,1,0
BRDA:406,47,0,5
BRDA:406,47,1,0
BRDA:407,48,0,5
BRDA:407,48,1,0
BRDA:419,49,0,0
BRDA:419,49,1,0
BRDA:431,50,0,3
BRDA:431,50,1,0
BRDA:441,51,0,1
BRDA:441,51,1,0
BRDA:451,52,0,0
BRDA:451,52,1,0
BRDA:465,53,0,0
BRDA:465,53,1,0
BRDA:477,54,0,0
BRDA:477,54,1,0
BRDA:485,55,0,0
BRDA:485,55,1,0
BRDA:486,56,0,0
BRDA:486,56,1,0
BRDA:487,57,0,0
BRDA:487,57,1,0
BRDA:488,58,0,0
BRDA:488,58,1,0
BRDA:505,59,0,8
BRDA:505,59,1,1
BRDA:532,60,0,1
BRDA:532,60,1,2
BRDA:561,61,0,5
BRDA:561,61,1,0
BRDA:563,62,0,4
BRDA:563,62,1,1
BRDA:564,63,0,2
BRDA:564,63,1,1
BRDA:564,64,0,1
BRDA:564,64,1,1
BRDA:572,65,0,2
BRDA:572,65,1,2
BRDA:573,66,0,1
BRDA:573,66,1,1
BRDA:574,67,0,1
BRDA:574,67,1,0
BRDA:584,68,0,1
BRDA:584,68,1,0
BRDA:586,69,0,1
BRDA:586,69,1,0
BRDA:587,70,0,1
BRDA:587,70,1,0
BRDA:600,71,0,4
BRDA:600,71,1,1
BRDA:601,72,0,0
BRDA:601,72,1,4
BRDA:610,73,0,0
BRDA:610,73,1,0
BRDA:619,74,0,1
BRDA:619,74,1,0
BRDA:620,75,0,0
BRDA:620,75,1,1
BRDA:629,76,0,4
BRDA:629,76,1,0
BRDA:630,77,0,0
BRDA:630,77,1,4
BRDA:642,78,0,0
BRDA:642,78,1,0
BRF:156
BRH:70
end_of_record
TN:
SF:E:\Work\neba-token\contracts\TransferHook.sol
FN:55,initialize
FN:71,beforeTransfer
FN:95,afterTransfer
FN:114,_performComplianceChecks
FN:119,_performPostTransferActions
FN:129,toggleHooks
FN:139,updateWhitelist
FN:154,updateBlacklist
FN:165,updateLimits
FN:174,getTransferStats
FN:186,isWhitelistedSender
FN:190,isWhitelistedReceiver
FN:194,isBlacklisted
FNF:13
FNH:0
FNDA:0,initialize
FNDA:0,beforeTransfer
FNDA:0,afterTransfer
FNDA:0,_performComplianceChecks
FNDA:0,_performPostTransferActions
FNDA:0,toggleHooks
FNDA:0,updateWhitelist
FNDA:0,updateBlacklist
FNDA:0,updateLimits
FNDA:0,getTransferStats
FNDA:0,isWhitelistedSender
FNDA:0,isWhitelistedReceiver
FNDA:0,isBlacklisted
DA:56,0
DA:58,0
DA:59,0
DA:61,0
DA:62,0
DA:63,0
DA:72,0
DA:75,0
DA:76,0
DA:80,0
DA:81,0
DA:84,0
DA:85,0
DA:89,0
DA:96,0
DA:99,0
DA:100,0
DA:101,0
DA:102,0
DA:103,0
DA:104,0
DA:106,0
DA:109,0
DA:130,0
DA:131,0
DA:141,0
DA:142,0
DA:144,0
DA:146,0
DA:156,0
DA:157,0
DA:167,0
DA:168,0
DA:169,0
DA:179,0
DA:187,0
DA:191,0
DA:195,0
LF:38
LH:0
BRDA:55,1,0,0
BRDA:55,1,1,0
BRDA:72,2,0,0
BRDA:72,2,1,0
BRDA:75,3,0,0
BRDA:75,3,1,0
BRDA:75,4,0,0
BRDA:75,4,1,0
BRDA:80,5,0,0
BRDA:80,5,1,0
BRDA:84,6,0,0
BRDA:84,6,1,0
BRDA:96,7,0,0
BRDA:96,7,1,0
BRDA:129,8,0,0
BRDA:129,8,1,0
BRDA:139,9,0,0
BRDA:139,9,1,0
BRDA:141,10,0,0
BRDA:141,10,1,0
BRDA:154,11,0,0
BRDA:154,11,1,0
BRDA:165,12,0,0
BRDA:165,12,1,0
BRF:24
BRH:0
end_of_record
